<?xml version="1.0" encoding="UTF-8"?>
<!-- Generated by org.testng.reporters.JUnitReportReporter -->
<testsuite hostname="P4A-508SCN9" name="MyFramework.MyFramework1.AppTest" tests="1" failures="0" timestamp="25 Jul 2018 07:20:39 GMT" time="0.004" errors="0">
  <testcase name="testApp" time="0.004" classname="MyFramework.MyFramework1.AppTest"/>
</testsuite> <!-- MyFramework.MyFramework1.AppTest -->
