<?xml version="1.0" encoding="UTF-8"?>
<!-- Generated by org.testng.reporters.JUnitReportReporter -->
<testsuite hostname="P4A-508SCN9" name="com.Accenture.Test.Demo01_Actions" tests="1" failures="0" timestamp="23 Jul 2018 07:27:32 GMT" time="10.840" errors="0">
  <testcase name="f" time="10.840" classname="com.Accenture.Test.Demo01_Actions"/>
</testsuite> <!-- com.Accenture.Test.Demo01_Actions -->
