<?xml version="1.0" encoding="UTF-8"?>
<!-- Generated by org.testng.reporters.JUnitReportReporter -->
<testsuite hostname="P4A-508SCN9" name="com.Accenture.Test.JavaScriptDemo3" tests="1" failures="0" timestamp="23 Jul 2018 06:38:59 GMT" time="5.092" errors="0">
  <testcase name="f" time="5.092" classname="com.Accenture.Test.JavaScriptDemo3"/>
</testsuite> <!-- com.Accenture.Test.JavaScriptDemo3 -->
