<?xml version="1.0" encoding="UTF-8"?>
<!-- Generated by org.testng.reporters.JUnitReportReporter -->
<testsuite hostname="P4A-508SCN9" name="com.Accenture.Test.DemoTakingScreenshots" tests="1" failures="0" timestamp="23 Jul 2018 07:19:32 GMT" time="0.625" errors="0">
  <testcase name="file" time="0.625" classname="com.Accenture.Test.DemoTakingScreenshots"/>
</testsuite> <!-- com.Accenture.Test.DemoTakingScreenshots -->
