<?xml version="1.0" encoding="UTF-8"?>
<!-- Generated by org.testng.reporters.JUnitReportReporter -->
<testsuite hostname="P4A-508SCN9" name="com.Accenture.Test.DemoRobot_02" tests="1" failures="0" timestamp="23 Jul 2018 05:11:58 GMT" time="2.705" errors="0">
  <testcase name="f" time="2.705" classname="com.Accenture.Test.DemoRobot_02"/>
</testsuite> <!-- com.Accenture.Test.DemoRobot_02 -->
